<?xml version="1.0" encoding="UTF-8"?>
<testng-results skipped="0" failed="0" total="1" passed="1">
  <reporter-output>
  </reporter-output>
  <suite name="Sundaykart POM Automation Suite" duration-ms="33168" started-at="2016-10-15T14:51:33Z" finished-at="2016-10-15T14:52:07Z">
    <groups>
    </groups>
    <test name="Sundaykart Test" duration-ms="33168" started-at="2016-10-15T14:51:33Z" finished-at="2016-10-15T14:52:07Z">
      <class name="com.alt.sundaykart.automation.testcases.HomePageTestCases">
        <test-method status="PASS" signature="globalSetUP()[pri:0, instance:com.alt.sundaykart.automation.testcases.HomePageTestCases@d2cc05a]" name="globalSetUP" is-config="true" duration-ms="18764" started-at="2016-10-15T20:21:33Z" finished-at="2016-10-15T20:21:52Z">
          <reporter-output>
          </reporter-output>
        </test-method> <!-- globalSetUP -->
        <test-method status="PASS" signature="setUP()[pri:0, instance:com.alt.sundaykart.automation.testcases.HomePageTestCases@d2cc05a]" name="setUP" is-config="true" duration-ms="19" started-at="2016-10-15T20:21:52Z" finished-at="2016-10-15T20:21:52Z">
          <reporter-output>
          </reporter-output>
        </test-method> <!-- setUP -->
        <test-method status="PASS" signature="loginToSundaykart(java.lang.reflect.Method)[pri:0, instance:com.alt.sundaykart.automation.testcases.HomePageTestCases@d2cc05a]" name="loginToSundaykart" duration-ms="11468" started-at="2016-10-15T20:21:52Z" finished-at="2016-10-15T20:22:04Z">
          <params>
            <param index="0">
              <value>
                <![CDATA[public void com.alt.sundaykart.automation.testcases.HomePageTestCases.loginToSundaykart(java.lang.reflect.Method)]]>
              </value>
            </param>
          </params>
          <reporter-output>
          </reporter-output>
        </test-method> <!-- loginToSundaykart -->
        <test-method status="PASS" signature="afterTestCompletes(org.testng.ITestResult)[pri:0, instance:com.alt.sundaykart.automation.testcases.HomePageTestCases@d2cc05a]" name="afterTestCompletes" is-config="true" duration-ms="15" started-at="2016-10-15T20:22:04Z" finished-at="2016-10-15T20:22:04Z">
          <params>
            <param index="0">
              <value>
                <![CDATA[[TestResult name=loginToSundaykart status=SUCCESS method=HomePageTestCases.loginToSundaykart(java.lang.reflect.Method)[pri:0, instance:com.alt.sundaykart.automation.testcases.HomePageTestCases@d2cc05a] output={null}]]]>
              </value>
            </param>
          </params>
          <reporter-output>
          </reporter-output>
        </test-method> <!-- afterTestCompletes -->
        <test-method status="FAIL" signature="closeBrowser()[pri:0, instance:com.alt.sundaykart.automation.testcases.HomePageTestCases@d2cc05a]" name="closeBrowser" is-config="true" duration-ms="0" started-at="2016-10-15T20:22:04Z" finished-at="2016-10-15T20:22:04Z">
          <exception class="org.openqa.selenium.remote.UnreachableBrowserException">
            <message>
              <![CDATA[Error communicating with the remote browser. It may have died.
Build info: version: 'unknown', revision: 'c7b525d', time: '2016-09-01 14:57:44 -0700'
System info: host: 'Ashok-PC', ip: '192.168.0.10', os.name: 'Windows 10', os.arch: 'amd64', os.version: '10.0', java.version: '1.8.0_101'
Driver info: driver.version: RemoteWebDriver
Capabilities [{rotatable=false, raisesAccessibilityExceptions=false, appBuildId=20160922113459, version=, platform=XP, proxy={}, command_id=1, specificationLevel=0, acceptSslCerts=false, processId=8152, browserVersion=49.0.1, platformVersion=10.0, XULappId={ec8030f7-c20a-464f-9b0e-13a3a9e97384}, browserName=firefox, takesScreenshot=true, takesElementScreenshot=true, platformName=windows_nt, device=desktop}]
Session ID: f4a694ab-24e0-42bb-b6ec-a9db0118deb6]]>
            </message>
            <full-stacktrace>
              <![CDATA[org.openqa.selenium.remote.UnreachableBrowserException: Error communicating with the remote browser. It may have died.
Build info: version: 'unknown', revision: 'c7b525d', time: '2016-09-01 14:57:44 -0700'
System info: host: 'Ashok-PC', ip: '192.168.0.10', os.name: 'Windows 10', os.arch: 'amd64', os.version: '10.0', java.version: '1.8.0_101'
Driver info: driver.version: RemoteWebDriver
Capabilities [{rotatable=false, raisesAccessibilityExceptions=false, appBuildId=20160922113459, version=, platform=XP, proxy={}, command_id=1, specificationLevel=0, acceptSslCerts=false, processId=8152, browserVersion=49.0.1, platformVersion=10.0, XULappId={ec8030f7-c20a-464f-9b0e-13a3a9e97384}, browserName=firefox, takesScreenshot=true, takesElementScreenshot=true, platformName=windows_nt, device=desktop}]
Session ID: f4a694ab-24e0-42bb-b6ec-a9db0118deb6
	at org.openqa.selenium.remote.RemoteWebDriver.execute(RemoteWebDriver.java:618)
	at org.openqa.selenium.remote.RemoteWebDriver.execute(RemoteWebDriver.java:654)
	at org.openqa.selenium.remote.RemoteWebDriver.quit(RemoteWebDriver.java:493)
	at com.alt.sundaykart.automation.base.TestBase.closeBrowser(TestBase.java:48)
	at sun.reflect.NativeMethodAccessorImpl.invoke0(Native Method)
	at sun.reflect.NativeMethodAccessorImpl.invoke(NativeMethodAccessorImpl.java:62)
	at sun.reflect.DelegatingMethodAccessorImpl.invoke(DelegatingMethodAccessorImpl.java:43)
	at java.lang.reflect.Method.invoke(Method.java:498)
	at org.testng.internal.MethodInvocationHelper.invokeMethod(MethodInvocationHelper.java:80)
	at org.testng.internal.Invoker.invokeConfigurationMethod(Invoker.java:564)
	at org.testng.internal.Invoker.invokeConfigurations(Invoker.java:213)
	at org.testng.internal.Invoker.invokeConfigurations(Invoker.java:138)
	at org.testng.internal.TestMethodWorker.invokeAfterClassMethods(TestMethodWorker.java:225)
	at org.testng.internal.TestMethodWorker.run(TestMethodWorker.java:114)
	at org.testng.TestRunner.privateRun(TestRunner.java:767)
	at org.testng.TestRunner.run(TestRunner.java:617)
	at org.testng.SuiteRunner.runTest(SuiteRunner.java:334)
	at org.testng.SuiteRunner.runSequentially(SuiteRunner.java:329)
	at org.testng.SuiteRunner.privateRun(SuiteRunner.java:291)
	at org.testng.SuiteRunner.run(SuiteRunner.java:240)
	at org.testng.SuiteRunnerWorker.runSuite(SuiteRunnerWorker.java:52)
	at org.testng.SuiteRunnerWorker.run(SuiteRunnerWorker.java:86)
	at org.testng.TestNG.runSuitesSequentially(TestNG.java:1198)
	at org.testng.TestNG.runSuitesLocally(TestNG.java:1123)
	at org.testng.TestNG.run(TestNG.java:1031)
	at org.testng.remote.AbstractRemoteTestNG.run(AbstractRemoteTestNG.java:126)
	at org.testng.remote.RemoteTestNG.initAndRun(RemoteTestNG.java:152)
	at org.testng.remote.RemoteTestNG.main(RemoteTestNG.java:57)
Caused by: java.lang.IllegalStateException: UnixUtils may not be used on Windows
	at org.openqa.selenium.os.ProcessUtils.getProcessId(ProcessUtils.java:188)
	at org.openqa.selenium.os.UnixProcess$SeleniumWatchDog.getPID(UnixProcess.java:222)
	at org.openqa.selenium.os.UnixProcess$SeleniumWatchDog.access$300(UnixProcess.java:201)
	at org.openqa.selenium.os.UnixProcess.destroy(UnixProcess.java:132)
	at org.openqa.selenium.os.CommandLine.destroy(CommandLine.java:155)
	at org.openqa.selenium.remote.service.DriverService.stop(DriverService.java:196)
	at org.openqa.selenium.remote.service.DriverCommandExecutor.execute(DriverCommandExecutor.java:94)
	at org.openqa.selenium.remote.RemoteWebDriver.execute(RemoteWebDriver.java:597)
	... 27 more
]]>
            </full-stacktrace>
          </exception> <!-- org.openqa.selenium.remote.UnreachableBrowserException -->
          <reporter-output>
          </reporter-output>
        </test-method> <!-- closeBrowser -->
      </class> <!-- com.alt.sundaykart.automation.testcases.HomePageTestCases -->
    </test> <!-- Sundaykart Test -->
  </suite> <!-- Sundaykart POM Automation Suite -->
</testng-results>
